<?xml version="1.0" encoding="UTF-8"?>
<!-- Generated by org.testng.reporters.JUnitReportReporter -->
<testsuite hostname="Shivani" failures="0" tests="69" name="runner.testRunner" time="204.963" errors="0" timestamp="2023-05-22T11:34:04 CDT" skipped="0">
  <testcase classname="runner.testRunner" name="runScenario" time="2.553"/>
  <system-out/>
  <testcase classname="runner.testRunner" name="runScenario" time="4.117"/>
  <system-out/>
  <testcase classname="runner.testRunner" name="runScenario" time="3.293"/>
  <system-out/>
  <testcase classname="runner.testRunner" name="runScenario" time="4.202"/>
  <system-out/>
  <testcase classname="runner.testRunner" name="runScenario" time="3.709"/>
  <system-out/>
  <testcase classname="runner.testRunner" name="runScenario" time="4.975"/>
  <system-out/>
  <testcase classname="runner.testRunner" name="runScenario" time="5.064"/>
  <system-out/>
  <testcase classname="runner.testRunner" name="runScenario" time="4.194"/>
  <system-out/>
  <testcase classname="runner.testRunner" name="runScenario" time="5.374"/>
  <system-out/>
  <testcase classname="runner.testRunner" name="runScenario" time="3.300"/>
  <system-out/>
  <testcase classname="runner.testRunner" name="runScenario" time="4.099"/>
  <system-out/>
  <testcase classname="runner.testRunner" name="runScenario" time="2.420"/>
  <system-out/>
  <testcase classname="runner.testRunner" name="runScenario" time="1.846"/>
  <system-out/>
  <testcase classname="runner.testRunner" name="runScenario" time="5.333"/>
  <system-out/>
  <testcase classname="runner.testRunner" name="runScenario" time="0.942"/>
  <system-out/>
  <testcase classname="runner.testRunner" name="runScenario" time="3.616"/>
  <system-out/>
  <testcase classname="runner.testRunner" name="runScenario" time="3.841"/>
  <system-out/>
  <testcase classname="runner.testRunner" name="runScenario" time="0.183"/>
  <system-out/>
  <testcase classname="runner.testRunner" name="runScenario" time="2.355"/>
  <system-out/>
  <testcase classname="runner.testRunner" name="runScenario" time="5.479"/>
  <system-out/>
  <testcase classname="runner.testRunner" name="runScenario" time="2.384"/>
  <system-out/>
  <testcase classname="runner.testRunner" name="runScenario" time="4.176"/>
  <system-out/>
  <testcase classname="runner.testRunner" name="runScenario" time="4.998"/>
  <system-out/>
  <testcase classname="runner.testRunner" name="runScenario" time="2.924"/>
  <system-out/>
  <testcase classname="runner.testRunner" name="runScenario" time="4.993"/>
  <system-out/>
  <testcase classname="runner.testRunner" name="runScenario" time="1.980"/>
  <system-out/>
  <testcase classname="runner.testRunner" name="runScenario" time="1.768"/>
  <system-out/>
  <testcase classname="runner.testRunner" name="runScenario" time="2.377"/>
  <system-out/>
  <testcase classname="runner.testRunner" name="runScenario" time="4.007"/>
  <system-out/>
  <testcase classname="runner.testRunner" name="runScenario" time="2.873"/>
  <system-out/>
  <testcase classname="runner.testRunner" name="runScenario" time="0.411"/>
  <system-out/>
  <testcase classname="runner.testRunner" name="runScenario" time="3.492"/>
  <system-out/>
  <testcase classname="runner.testRunner" name="runScenario" time="0.204"/>
  <system-out/>
  <testcase classname="runner.testRunner" name="runScenario" time="2.315"/>
  <system-out/>
  <testcase classname="runner.testRunner" name="runScenario" time="4.353"/>
  <system-out/>
  <testcase classname="runner.testRunner" name="runScenario" time="3.565"/>
  <system-out/>
  <testcase classname="runner.testRunner" name="runScenario" time="1.049"/>
  <system-out/>
  <testcase classname="runner.testRunner" name="runScenario" time="4.133"/>
  <system-out/>
  <testcase classname="runner.testRunner" name="runScenario" time="0.232"/>
  <system-out/>
  <testcase classname="runner.testRunner" name="runScenario" time="3.558"/>
  <system-out/>
  <testcase classname="runner.testRunner" name="runScenario" time="4.193"/>
  <system-out/>
  <testcase classname="runner.testRunner" name="runScenario" time="4.276"/>
  <system-out/>
  <testcase classname="runner.testRunner" name="runScenario" time="2.868"/>
  <system-out/>
  <testcase classname="runner.testRunner" name="runScenario" time="1.455"/>
  <system-out/>
  <testcase classname="runner.testRunner" name="runScenario" time="2.720"/>
  <system-out/>
  <testcase classname="runner.testRunner" name="runScenario" time="2.505"/>
  <system-out/>
  <testcase classname="runner.testRunner" name="runScenario" time="2.364"/>
  <system-out/>
  <testcase classname="runner.testRunner" name="runScenario" time="2.482"/>
  <system-out/>
  <testcase classname="runner.testRunner" name="runScenario" time="1.627"/>
  <system-out/>
  <testcase classname="runner.testRunner" name="runScenario" time="2.964"/>
  <system-out/>
  <testcase classname="runner.testRunner" name="runScenario" time="3.530"/>
  <system-out/>
  <testcase classname="runner.testRunner" name="runScenario" time="2.507"/>
  <system-out/>
  <testcase classname="runner.testRunner" name="runScenario" time="2.339"/>
  <system-out/>
  <testcase classname="runner.testRunner" name="runScenario" time="3.258"/>
  <system-out/>
  <testcase classname="runner.testRunner" name="runScenario" time="4.131"/>
  <system-out/>
  <testcase classname="runner.testRunner" name="runScenario" time="0.194"/>
  <system-out/>
  <testcase classname="runner.testRunner" name="runScenario" time="2.885"/>
  <system-out/>
  <testcase classname="runner.testRunner" name="runScenario" time="4.031"/>
  <system-out/>
  <testcase classname="runner.testRunner" name="runScenario" time="2.536"/>
  <system-out/>
  <testcase classname="runner.testRunner" name="runScenario" time="7.404"/>
  <system-out/>
  <testcase classname="runner.testRunner" name="runScenario" time="2.881"/>
  <system-out/>
  <testcase classname="runner.testRunner" name="runScenario" time="0.183"/>
  <system-out/>
  <testcase classname="runner.testRunner" name="runScenario" time="1.022"/>
  <system-out/>
  <testcase classname="runner.testRunner" name="runScenario" time="0.214"/>
  <system-out/>
  <testcase classname="runner.testRunner" name="runScenario" time="3.835"/>
  <system-out/>
  <testcase classname="runner.testRunner" name="runScenario" time="3.302"/>
  <system-out/>
  <testcase classname="runner.testRunner" name="runScenario" time="1.655"/>
  <system-out/>
  <testcase classname="runner.testRunner" name="runScenario" time="1.668"/>
  <system-out/>
  <testcase classname="runner.testRunner" name="runScenario" time="3.247"/>
  <system-out/>
</testsuite> <!-- runner.testRunner -->
